2025-06-13 16:01:10,902 - MasterOrchestrator - INFO - ✅ Unified systems initialized
2025-06-13 16:01:10,903 - MasterOrchestrator - INFO - 🚀 Master Orchestrator initialized - Session: session_20250613_210110
2025-06-13 16:01:10,903 - MasterOrchestrator - INFO - 📋 Executing command: system_health
2025-06-13 16:03:06,659 - MasterOrchestrator - INFO - ✅ Unified systems initialized
2025-06-13 16:03:06,659 - MasterOrchestrator - INFO - 🚀 Master Orchestrator initialized - Session: session_20250613_210306
2025-06-13 16:04:12,027 - MasterOrchestrator - INFO - ✅ Unified systems initialized
2025-06-13 16:04:12,034 - MasterOrchestrator - INFO - 🚀 Master Orchestrator initialized - Session: session_20250613_210412
2025-06-13 16:04:12,034 - MasterOrchestrator - INFO - 📋 Executing command: backup
2025-06-13 16:05:09,645 - MasterOrchestrator - INFO - ✅ Unified systems initialized
2025-06-13 16:05:09,646 - MasterOrchestrator - INFO - 🚀 Master Orchestrator initialized - Session: session_20250613_210509
2025-06-13 16:05:09,646 - MasterOrchestrator - INFO - 📋 Executing command: migration_cycle
2025-06-13 16:06:08,435 - MasterOrchestrator - INFO - ✅ Unified systems initialized
2025-06-13 16:06:08,435 - MasterOrchestrator - INFO - 🚀 Master Orchestrator initialized - Session: session_20250613_210608
2025-06-13 16:06:08,436 - MasterOrchestrator - INFO - 📋 Executing command: integration_cycle
2025-06-13 16:49:45,514 - MasterOrchestrator - INFO - ✅ Unified systems initialized
2025-06-13 16:49:45,514 - MasterOrchestrator - INFO - 🚀 Master Orchestrator initialized - Session: session_20250613_214945
2025-06-13 16:49:45,514 - MasterOrchestrator - INFO - 📋 Executing command: system_health
2025-06-13 17:13:50,750 - MasterOrchestrator - INFO - ✅ Unified systems initialized
2025-06-13 17:13:50,750 - MasterOrchestrator - INFO - 🚀 Master Orchestrator initialized - Session: session_20250613_221350
2025-06-13 17:13:50,750 - MasterOrchestrator - INFO - 📋 Executing command: system_health
2025-06-13 17:16:23,471 - MasterOrchestrator - INFO - ✅ Unified systems initialized
2025-06-13 17:16:23,472 - MasterOrchestrator - INFO - 🚀 Master Orchestrator initialized - Session: session_20250613_221623
2025-06-13 17:16:23,473 - MasterOrchestrator - INFO - 📋 Executing command: system_health
2025-06-13 17:29:01,207 - MasterOrchestrator - INFO - ✅ Unified systems initialized
2025-06-13 17:29:01,207 - MasterOrchestrator - INFO - 🚀 Master Orchestrator initialized - Session: session_20250613_222901
2025-06-13 17:30:29,941 - MasterOrchestrator - INFO - ✅ Unified systems initialized
2025-06-13 17:30:29,941 - MasterOrchestrator - INFO - 🚀 Master Orchestrator initialized - Session: session_20250613_223029
2025-06-13 17:32:02,804 - MasterOrchestrator - INFO - ✅ Unified systems initialized
2025-06-13 17:32:02,804 - MasterOrchestrator - INFO - 🚀 Master Orchestrator initialized - Session: session_20250613_223202
2025-06-13 17:33:49,172 - MasterOrchestrator - INFO - ✅ Unified systems initialized
2025-06-13 17:33:49,172 - MasterOrchestrator - INFO - 🚀 Master Orchestrator initialized - Session: session_20250613_223349
2025-06-13 18:01:14,213 - MasterOrchestrator - INFO - ✅ Unified systems initialized
2025-06-13 18:01:14,213 - MasterOrchestrator - INFO - 🚀 Master Orchestrator initialized - Session: session_20250613_230114
2025-06-13 18:01:14,213 - MasterOrchestrator - INFO - 🚀 Starting system in autonomous mode
2025-06-13 18:01:14,220 - MasterOrchestrator - INFO - ✅ Autonomous orchestrator started
2025-06-13 18:01:14,220 - MasterOrchestrator - INFO - ✅ Unified migration system ready
2025-06-13 18:01:14,220 - MasterOrchestrator - INFO - ✅ Processing nodes ready
2025-06-13 18:01:14,223 - MasterOrchestrator - INFO - ✅ System started in autonomous mode
2025-06-13 18:31:01,721 - MasterOrchestrator - INFO - ✅ Unified systems initialized
2025-06-13 18:31:01,721 - MasterOrchestrator - INFO - 🚀 Master Orchestrator initialized - Session: session_20250613_233101
2025-06-13 18:31:01,721 - MasterOrchestrator - INFO - 📋 Executing command: system_health
2025-06-14 08:47:59,828 - MasterOrchestrator - INFO - ✅ Unified systems initialized
2025-06-14 08:47:59,829 - MasterOrchestrator - INFO - 🚀 Master Orchestrator initialized - Session: session_20250614_134759
2025-06-14 08:47:59,829 - MasterOrchestrator - INFO - 🚀 Starting system in interactive mode
2025-06-14 08:47:59,829 - MasterOrchestrator - INFO - ✅ Interactive mode started
2025-06-14 08:47:59,831 - MasterOrchestrator - INFO - ✅ System started in interactive mode
2025-06-14 08:48:05,629 - MasterOrchestrator - INFO - 🛑 Stopping system...
2025-06-14 08:48:05,629 - MasterOrchestrator - INFO - ✅ System stopped
2025-06-14 08:56:00,511 - MasterOrchestrator - INFO - ✅ Unified systems initialized
2025-06-14 08:56:00,511 - MasterOrchestrator - INFO - 🚀 Master Orchestrator initialized - Session: session_20250614_135600
2025-06-14 08:56:00,511 - MasterOrchestrator - INFO - 🚀 Starting system in interactive mode
2025-06-14 08:56:00,511 - MasterOrchestrator - INFO - ✅ Interactive mode started
2025-06-14 08:56:00,515 - MasterOrchestrator - INFO - ✅ System started in interactive mode
2025-06-14 08:57:12,958 - MasterOrchestrator - INFO - ✅ Unified systems initialized
2025-06-14 08:57:12,959 - MasterOrchestrator - INFO - 🚀 Master Orchestrator initialized - Session: session_20250614_135712
2025-06-14 08:57:12,959 - MasterOrchestrator - INFO - 🚀 Starting system in interactive mode
2025-06-14 08:57:12,959 - MasterOrchestrator - INFO - ✅ Interactive mode started
2025-06-14 08:57:12,961 - MasterOrchestrator - INFO - ✅ System started in interactive mode
2025-06-14 09:01:34,191 - MasterOrchestrator - INFO - ✅ Unified systems initialized
2025-06-14 09:01:34,192 - MasterOrchestrator - INFO - 🚀 Master Orchestrator initialized - Session: session_20250614_140134
2025-06-14 09:01:34,192 - MasterOrchestrator - INFO - 🚀 Starting system in interactive mode
2025-06-14 09:01:34,192 - MasterOrchestrator - INFO - ✅ Interactive mode started
2025-06-14 09:01:34,195 - MasterOrchestrator - INFO - ✅ System started in interactive mode
2025-06-14 09:06:05,141 - MasterOrchestrator - INFO - ✅ Unified systems initialized
2025-06-14 09:06:05,143 - MasterOrchestrator - INFO - 🚀 Master Orchestrator initialized - Session: session_20250614_140605
2025-06-14 09:06:05,144 - MasterOrchestrator - INFO - 🚀 Starting system in interactive mode
2025-06-14 09:06:05,144 - MasterOrchestrator - INFO - ✅ Interactive mode started
2025-06-14 09:06:05,147 - MasterOrchestrator - INFO - ✅ System started in interactive mode
2025-06-14 09:31:09,270 - MasterOrchestrator - INFO - ✅ Unified systems initialized
2025-06-14 09:31:09,270 - MasterOrchestrator - INFO - 🚀 Master Orchestrator initialized - Session: session_20250614_143109
2025-06-14 09:31:09,270 - MasterOrchestrator - INFO - 🚀 Starting system in interactive mode
2025-06-14 09:31:09,270 - MasterOrchestrator - INFO - ✅ Interactive mode started
2025-06-14 09:31:09,273 - MasterOrchestrator - INFO - ✅ System started in interactive mode
2025-06-14 09:32:17,969 - MasterOrchestrator - INFO - ✅ Unified systems initialized
2025-06-14 09:32:17,969 - MasterOrchestrator - INFO - 🚀 Master Orchestrator initialized - Session: session_20250614_143217
2025-06-14 09:32:17,970 - MasterOrchestrator - INFO - 🚀 Starting system in interactive mode
2025-06-14 09:32:17,970 - MasterOrchestrator - INFO - ✅ Interactive mode started
2025-06-14 09:32:17,976 - MasterOrchestrator - INFO - ✅ System started in interactive mode
2025-06-14 09:44:44,341 - MasterOrchestrator - INFO - ✅ Unified systems initialized
2025-06-14 09:44:44,341 - MasterOrchestrator - INFO - 🚀 Master Orchestrator initialized - Session: session_20250614_144444
2025-06-14 09:44:44,341 - MasterOrchestrator - INFO - 🚀 Starting system in interactive mode
2025-06-14 09:44:44,341 - MasterOrchestrator - INFO - ✅ Interactive mode started
2025-06-14 09:44:44,343 - MasterOrchestrator - INFO - ✅ System started in interactive mode
2025-06-14 09:51:49,240 - MasterOrchestrator - INFO - ✅ Unified systems initialized
2025-06-14 09:51:49,240 - MasterOrchestrator - INFO - 🚀 Master Orchestrator initialized - Session: session_20250614_145149
2025-06-14 09:51:49,240 - MasterOrchestrator - INFO - 🚀 Starting system in interactive mode
2025-06-14 09:51:49,241 - MasterOrchestrator - INFO - ✅ Interactive mode started
2025-06-14 09:51:49,244 - MasterOrchestrator - INFO - ✅ System started in interactive mode
2025-06-14 10:08:35,136 - MasterOrchestrator - INFO - ✅ Unified systems initialized
2025-06-14 10:08:35,137 - MasterOrchestrator - INFO - 🚀 Master Orchestrator initialized - Session: session_20250614_150834
2025-06-14 10:08:35,137 - MasterOrchestrator - INFO - 🚀 Starting system in interactive mode
2025-06-14 10:08:35,137 - MasterOrchestrator - INFO - ✅ Interactive mode started
2025-06-14 10:08:35,139 - MasterOrchestrator - INFO - ✅ System started in interactive mode
2025-06-14 10:13:27,915 - MasterOrchestrator - INFO - ✅ Unified systems initialized
2025-06-14 10:13:27,915 - MasterOrchestrator - INFO - 🚀 Master Orchestrator initialized - Session: session_20250614_151327
2025-06-14 10:13:27,915 - MasterOrchestrator - INFO - 🚀 Starting system in interactive mode
2025-06-14 10:13:27,916 - MasterOrchestrator - INFO - ✅ Interactive mode started
2025-06-14 10:13:27,918 - MasterOrchestrator - INFO - ✅ System started in interactive mode
2025-06-14 10:13:50,109 - MasterOrchestrator - INFO - 🛑 Stopping system...
2025-06-14 10:13:50,110 - MasterOrchestrator - INFO - ✅ System stopped
2025-06-14 10:23:46,946 - MasterOrchestrator - INFO - ✅ Unified systems initialized
2025-06-14 10:23:46,946 - MasterOrchestrator - INFO - 🚀 Master Orchestrator initialized - Session: session_20250614_152346
2025-06-14 10:23:46,946 - MasterOrchestrator - INFO - 🚀 Starting system in interactive mode
2025-06-14 10:23:46,946 - MasterOrchestrator - INFO - ✅ Interactive mode started
2025-06-14 10:23:46,948 - MasterOrchestrator - INFO - ✅ System started in interactive mode
2025-06-14 10:24:28,757 - MasterOrchestrator - INFO - 🛑 Stopping system...
2025-06-14 10:24:28,757 - MasterOrchestrator - INFO - ✅ System stopped
